2026-05-25 17:48:31,467 INFO 
============================================================
2026-05-25 17:48:31,467 INFO   Database Overview
2026-05-25 17:48:31,467 INFO ============================================================
2026-05-25 17:48:31,703 INFO Total CVEs: 252,109
2026-05-25 17:48:31,703 INFO Total CPE matches: 1,891,173
2026-05-25 17:48:31,703 INFO 
============================================================
2026-05-25 17:48:31,703 INFO   Date Range
2026-05-25 17:48:31,703 INFO ============================================================
2026-05-25 17:48:31,705 INFO Earliest CVE published: 2018-01-18 02:29:18.977000
2026-05-25 17:48:31,706 INFO Latest CVE published: 2026-05-22 10:16:17.593000
2026-05-25 17:48:31,706 INFO Latest CVE modified: 2026-05-22 10:16:17.593000
2026-05-25 17:48:31,706 INFO 
============================================================
2026-05-25 17:48:31,706 INFO   Severity Distribution
2026-05-25 17:48:31,706 INFO ============================================================
2026-05-25 17:48:31,885 INFO   LOW         :      6
2026-05-25 17:48:31,885 INFO   MEDIUM      :      4
2026-05-25 17:48:31,885 INFO 
============================================================
2026-05-25 17:48:31,885 INFO   CVSS v3 Score Distribution
2026-05-25 17:48:31,885 INFO ============================================================
2026-05-25 17:48:32,102 INFO   0.0-3.9 (Low)       :  8,742
2026-05-25 17:48:32,316 INFO   4.0-6.9 (Medium)    : 108,695
2026-05-25 17:48:32,516 INFO   7.0-8.9 (High)      : 89,210
2026-05-25 17:48:32,721 INFO   9.0-10.0 (Critical) : 27,698
2026-05-25 17:48:32,930 INFO   No score            : 17,764
2026-05-25 17:48:32,930 INFO 
============================================================
2026-05-25 17:48:32,930 INFO   CVEs by Publication Year
2026-05-25 17:48:32,930 INFO ============================================================
2026-05-25 17:48:33,095 INFO   2018: 17,111
2026-05-25 17:48:33,097 INFO   2019: 18,938
2026-05-25 17:48:33,097 INFO   2020: 19,222
2026-05-25 17:48:33,097 INFO   2021: 21,950
2026-05-25 17:48:33,097 INFO   2022: 26,431
2026-05-25 17:48:33,097 INFO   2023: 30,949
2026-05-25 17:48:33,097 INFO   2024: 40,704
2026-05-25 17:48:33,098 INFO   2025: 49,972
2026-05-25 17:48:33,098 INFO   2026: 26,832
2026-05-25 17:48:33,098 INFO 
============================================================
2026-05-25 17:48:33,098 INFO   Top 10 Vendors by CVE Count (from CPE)
2026-05-25 17:48:33,098 INFO ============================================================
2026-05-25 17:48:33,954 INFO   microsoft                     : 60,929
2026-05-25 17:48:33,954 INFO   linux                         : 44,911
2026-05-25 17:48:33,954 INFO   qualcomm                      : 18,796
2026-05-25 17:48:33,954 INFO   apple                         : 16,986
2026-05-25 17:48:33,954 INFO   f5                            : 15,079
2026-05-25 17:48:33,954 INFO   google                        : 12,527
2026-05-25 17:48:33,954 INFO   debian                        : 10,838
2026-05-25 17:48:33,954 INFO   adobe                         :  6,500
2026-05-25 17:48:33,954 INFO   gitlab                        :  5,849
2026-05-25 17:48:33,954 INFO   fedoraproject                 :  4,431
2026-05-25 17:48:33,955 INFO 
============================================================
2026-05-25 17:48:33,955 INFO   Sample High-Severity CVEs
2026-05-25 17:48:33,955 INFO ============================================================
2026-05-25 17:48:34,206 INFO 
============================================================
2026-05-25 17:48:34,207 INFO   Data Quality
2026-05-25 17:48:34,207 INFO ============================================================
2026-05-25 17:48:34,638 INFO CVEs with description: 252,109 (100.0%)
2026-05-25 17:48:34,638 INFO CVEs with CVSS score: 234,345 (93.0%)
2026-05-25 17:48:34,638 INFO CVEs with CPE matches: 203,849 (80.9%)
